[2025-01-03T14:02:34.622Z] Key.alt_l	
[2025-01-03T14:02:44.631Z] Key.alt_l	Key.alt_l	Key.alt_l	Key.alt_l		
[2025-01-03T14:03:04.644Z] /
[2025-01-03T14:03:14.650Z] Key.alt_l	
[2025-01-03T14:03:24.669Z] /gKey.alt_l	
[2025-01-03T14:03:34.690Z] [Ctrl]\x13
[2025-01-03T14:04:44.765Z] note
e
[2025-01-03T14:05:04.777Z] note

[2025-01-03T14:05:34.810Z] tex


[2025-01-03T14:05:44.821Z] sas
[2025-01-03T14:05:54.832Z] stic
[2025-01-03T14:06:04.851Z] 
hi 
[2025-01-03T14:06:14.859Z] this me hacking you 
[2025-01-03T14:07:44.971Z] key this me hacking you 
[2025-01-03T14:08:15.022Z] scre
[2025-01-03T14:08:45.062Z] try hack me
Key.alt_l	Key.alt_l	
[2025-01-03T14:09:05.079Z] Key.alt_l	
[2025-01-03T14:09:25.095Z] tr
[2025-01-03T14:10:25.141Z] we

[2025-01-03T14:10:35.159Z] tor net
[2025-01-03T14:10:45.169Z] qKey.down

[2025-01-03T14:10:55.176Z]  hit man netwo
[2025-01-03T14:11:05.181Z] rk

[2025-01-03T14:11:55.225Z] shodwa
[2025-01-03T14:12:05.234Z] tor net hitman ne
[2025-01-03T14:12:15.240Z] twork 
[2025-01-03T14:12:45.269Z]  p
[2025-01-03T14:12:55.280Z] u 2
[2025-01-03T14:13:05.295Z] y web

[2025-01-03T14:13:35.330Z] h
[2025-01-03T14:13:45.347Z] hitman network oi
[2025-01-03T14:13:55.354Z] pizza bay 
[2025-01-03T14:14:45.407Z] hitman network tor 
cha
[2025-01-03T14:15:45.483Z] hack foru
[2025-01-03T14:15:55.504Z] m

[2025-01-03T14:16:45.573Z] h
[2025-01-03T14:16:55.583Z] hitman network silk road

[2025-01-03T14:18:45.697Z] <104>
